[debug] [2024-05-04T12:46:25.274Z] ----------------------------------------------------------------------
[debug] [2024-05-04T12:46:25.279Z] Command:       C:\Program Files\nodejs\node.exe C:\Users\acer\AppData\Roaming\npm\node_modules\firebase-tools\lib\bin\firebase.js init
[debug] [2024-05-04T12:46:25.280Z] CLI Version:   13.8.0
[debug] [2024-05-04T12:46:25.281Z] Platform:      win32
[debug] [2024-05-04T12:46:25.281Z] Node Version:  v22.1.0
[debug] [2024-05-04T12:46:25.281Z] Time:          Sat May 04 2024 13:46:25 GMT+0100 (West Africa Standard Time)
[debug] [2024-05-04T12:46:25.281Z] ----------------------------------------------------------------------
[debug] 
[debug] [2024-05-04T12:46:25.286Z] >>> [apiv2][query] GET https://firebase-public.firebaseio.com/cli.json [none]
[debug] [2024-05-04T12:46:25.358Z] > command requires scopes: ["email","openid","https://www.googleapis.com/auth/cloudplatformprojects.readonly","https://www.googleapis.com/auth/firebase","https://www.googleapis.com/auth/cloud-platform"]
[debug] [2024-05-04T12:46:25.359Z] > authorizing via signed-in user (hdtracompany@gmail.com)
[info] 
     ######## #### ########  ######## ########     ###     ######  ########
     ##        ##  ##     ## ##       ##     ##  ##   ##  ##       ##
     ######    ##  ########  ######   ########  #########  ######  ######
     ##        ##  ##    ##  ##       ##     ## ##     ##       ## ##
     ##       #### ##     ## ######## ########  ##     ##  ######  ########

You're about to initialize a Firebase project in this directory:

  C:\Users\acer\Desktop\New folder\levlcompany

[debug] [2024-05-04T12:46:25.890Z] <<< [apiv2][status] GET https://firebase-public.firebaseio.com/cli.json 200
[debug] [2024-05-04T12:46:25.890Z] <<< [apiv2][body] GET https://firebase-public.firebaseio.com/cli.json {"cloudBuildErrorAfter":1594252800000,"cloudBuildWarnAfter":1590019200000,"defaultNode10After":1594252800000,"minVersion":"3.0.5","node8DeploysDisabledAfter":1613390400000,"node8RuntimeDisabledAfter":1615809600000,"node8WarnAfter":1600128000000}
[info] 
=== Project Setup
[info] 
[info] First, let's associate this project directory with a Firebase project.
[info] You can create multiple project aliases by running firebase use --add, 
[info] but for now we'll just set up a default project.
[info] 
[debug] [2024-05-04T12:46:35.280Z] > refreshing access token with scopes: []
[debug] [2024-05-04T12:46:35.282Z] >>> [apiv2][query] POST https://www.googleapis.com/oauth2/v3/token [none]
[debug] [2024-05-04T12:46:35.282Z] >>> [apiv2][body] POST https://www.googleapis.com/oauth2/v3/token [omitted]
[debug] [2024-05-04T12:46:36.085Z] <<< [apiv2][status] POST https://www.googleapis.com/oauth2/v3/token 200
[debug] [2024-05-04T12:46:36.085Z] <<< [apiv2][body] POST https://www.googleapis.com/oauth2/v3/token [omitted]
[debug] [2024-05-04T12:46:36.107Z] >>> [apiv2][query] GET https://firebase.googleapis.com/v1beta1/projects pageSize=100
[debug] [2024-05-04T12:46:36.976Z] <<< [apiv2][status] GET https://firebase.googleapis.com/v1beta1/projects 200
[debug] [2024-05-04T12:46:36.976Z] <<< [apiv2][body] GET https://firebase.googleapis.com/v1beta1/projects [omitted]
[info] i  Using project levl-9b84e (LEVL) 
[info] 
=== Hosting Setup
[debug] [2024-05-04T12:46:41.900Z] >>> [apiv2][query] GET https://firebase.googleapis.com/v1beta1/projects/levl-9b84e [none]
[debug] [2024-05-04T12:46:42.214Z] <<< [apiv2][status] GET https://firebase.googleapis.com/v1beta1/projects/levl-9b84e 200
[debug] [2024-05-04T12:46:42.214Z] <<< [apiv2][body] GET https://firebase.googleapis.com/v1beta1/projects/levl-9b84e {"projectId":"levl-9b84e","projectNumber":"480147930200","displayName":"LEVL","name":"projects/levl-9b84e","resources":{"hostingSite":"levl-9b84e"},"state":"ACTIVE","etag":"1_31159275-b87a-4d6b-af8a-13879ac3c0d3"}
[info] 
[info] Your public directory is the folder (relative to your project directory) that
[info] will contain Hosting assets to be uploaded with firebase deploy. If you
[info] have a build process for your assets, use your build's output directory.
[info] 
[info] +  Wrote public/404.html 
[debug] [2024-05-04T12:46:52.756Z] >>> [apiv2][query] GET https://www.gstatic.com/firebasejs/releases.json [none]
[debug] [2024-05-04T12:46:53.064Z] <<< [apiv2][status] GET https://www.gstatic.com/firebasejs/releases.json 200
[debug] [2024-05-04T12:46:53.064Z] <<< [apiv2][body] GET https://www.gstatic.com/firebasejs/releases.json {"current":{"version":"10.11.1","browserURL":"https://www.gstatic.com/firebasejs/10.11.1/firebase.js","packageURL":"https://www.gstatic.com/firebasejs/10.11.1/firebase.tgz"},"live":{"version":"10.11","browserURL":"https://www.gstatic.com/firebasejs/live/10.11/firebase.js","packageURL":"https://www.gstatic.com/firebasejs/live/10.11/firebase.tgz"},"components":{"analytics":"https://www.gstatic.com/firebasejs/10.11.1/firebase-analytics.js","app":"https://www.gstatic.com/firebasejs/10.11.1/firebase-app.js","app-check":"https://www.gstatic.com/firebasejs/10.11.1/firebase-app-check.js","auth":"https://www.gstatic.com/firebasejs/10.11.1/firebase-auth.js","auth/cordova":"https://www.gstatic.com/firebasejs/10.11.1/firebase-auth/cordova.js","auth/web-extension":"https://www.gstatic.com/firebasejs/10.11.1/firebase-auth/web-extension.js","functions":"https://www.gstatic.com/firebasejs/10.11.1/firebase-functions.js","firestore":"https://www.gstatic.com/firebasejs/10.11.1/firebase-firestore.js","firestore/lite":"https://www.gstatic.com/firebasejs/10.11.1/firebase-firestore/lite.js","installations":"https://www.gstatic.com/firebasejs/10.11.1/firebase-installations.js","storage":"https://www.gstatic.com/firebasejs/10.11.1/firebase-storage.js","performance":"https://www.gstatic.com/firebasejs/10.11.1/firebase-performance.js","remote-config":"https://www.gstatic.com/firebasejs/10.11.1/firebase-remote-config.js","messaging":"https://www.gstatic.com/firebasejs/10.11.1/firebase-messaging.js","messaging/sw":"https://www.gstatic.com/firebasejs/10.11.1/firebase-messaging/sw.js","database":"https://www.gstatic.com/firebasejs/10.11.1/firebase-database.js","firestore.memory":"https://www.gstatic.com/firebasejs/10.11.1/firebase-firestore.memory.js"}}
[info] +  Wrote public/index.html 
[info] 
[info] i  Detected a .git folder at C:\Users\acer\Desktop\New folder\levlcompany 
[info] i  Authorizing with GitHub to upload your service account to a GitHub repository's secrets store. 
[info] 
[info] Visit this URL on this device to log in:
[info] https://github.com/login/oauth/authorize?client_id=89cf50f02ac6aaed3484&state=840563890&redirect_uri=http%3A%2F%2Flocalhost%3A9005&scope=read%3Auser%20repo%20public_repo
[info] 
[info] Waiting for authentication...
[debug] [2024-05-04T12:46:56.454Z] >>> [apiv2][query] POST https://github.com/login/oauth/access_token [none]
[debug] [2024-05-04T12:46:56.454Z] >>> [apiv2][body] POST https://github.com/login/oauth/access_token [stream]
[debug] [2024-05-04T12:46:56.961Z] <<< [apiv2][status] POST https://github.com/login/oauth/access_token 200
[debug] [2024-05-04T12:46:56.961Z] <<< [apiv2][body] POST https://github.com/login/oauth/access_token {"access_token":"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","token_type":"bearer","scope":"read:user,repo"}
[debug] [2024-05-04T12:46:56.987Z] >>> [apiv2][query] GET https://api.github.com/user [none]
[debug] [2024-05-04T12:46:57.743Z] <<< [apiv2][status] GET https://api.github.com/user 200
[debug] [2024-05-04T12:46:57.743Z] <<< [apiv2][body] GET https://api.github.com/user {"login":"hatemabadlia","id":96664611,"node_id":"U_kgDOBcL8Iw","avatar_url":"https://avatars.githubusercontent.com/u/96664611?v=4","gravatar_id":"","url":"https://api.github.com/users/hatemabadlia","html_url":"https://github.com/hatemabadlia","followers_url":"https://api.github.com/users/hatemabadlia/followers","following_url":"https://api.github.com/users/hatemabadlia/following{/other_user}","gists_url":"https://api.github.com/users/hatemabadlia/gists{/gist_id}","starred_url":"https://api.github.com/users/hatemabadlia/starred{/owner}{/repo}","subscriptions_url":"https://api.github.com/users/hatemabadlia/subscriptions","organizations_url":"https://api.github.com/users/hatemabadlia/orgs","repos_url":"https://api.github.com/users/hatemabadlia/repos","events_url":"https://api.github.com/users/hatemabadlia/events{/privacy}","received_events_url":"https://api.github.com/users/hatemabadlia/received_events","type":"User","site_admin":false,"name":"hatem abadlia ","company":null,"blog":"","location":null,"email":null,"hireable":null,"bio":null,"twitter_username":null,"public_repos":8,"public_gists":0,"followers":0,"following":1,"created_at":"2021-12-25T19:22:34Z","updated_at":"2024-04-12T17:02:36Z","private_gists":0,"total_private_repos":8,"owned_private_repos":8,"disk_usage":3346,"collaborators":0,"two_factor_authentication":false,"plan":{"name":"pro","space":976562499,"collaborators":0,"private_repos":9999}}
[info] 
[info] +  Success! Logged into GitHub as hatemabadlia 
[info] 
[debug] [2024-05-04T12:47:13.978Z] >>> [apiv2][query] GET https://api.github.com/repos//actions/secrets/public-key type=owner
[debug] [2024-05-04T12:47:14.435Z] <<< [apiv2][status] GET https://api.github.com/repos//actions/secrets/public-key 404
[debug] [2024-05-04T12:47:14.435Z] <<< [apiv2][body] GET https://api.github.com/repos//actions/secrets/public-key {"message":"Not Found","documentation_url":"https://docs.github.com/rest"}
[info] 
[info] 
[error] !  The provided authorization cannot be used with this repository. If this repository is in an organization, did you remember to grant access? 
[info] 
[info] i  Action required: Visit this URL to ensure access has been granted to the appropriate organization(s) for the Firebase CLI GitHub OAuth App: 
[info] https://github.com/settings/connections/applications/89cf50f02ac6aaed3484
[info] 
[debug] [2024-05-04T12:47:16.255Z] >>> [apiv2][query] GET https://api.github.com/repos//actions/secrets/public-key type=owner
[debug] [2024-05-04T12:47:16.510Z] <<< [apiv2][status] GET https://api.github.com/repos//actions/secrets/public-key 404
[debug] [2024-05-04T12:47:16.510Z] <<< [apiv2][body] GET https://api.github.com/repos//actions/secrets/public-key {"message":"Not Found","documentation_url":"https://docs.github.com/rest"}
[info] 
[info] 
[error] !  The provided authorization cannot be used with this repository. If this repository is in an organization, did you remember to grant access? 
[info] 
[info] i  Action required: Visit this URL to ensure access has been granted to the appropriate organization(s) for the Firebase CLI GitHub OAuth App: 
[info] https://github.com/settings/connections/applications/89cf50f02ac6aaed3484
[info] 
